nohup: ignoring input
Forwarding from 127.0.0.1:8081 -> 8080
Forwarding from [::1]:8081 -> 8080
Handling connection for 8081
Handling connection for 8081
Handling connection for 8081
Handling connection for 8081
Handling connection for 8081
Handling connection for 8081
Handling connection for 8081
Handling connection for 8081
Handling connection for 8081
Handling connection for 8081
Handling connection for 8081
Handling connection for 8081
Handling connection for 8081
Handling connection for 8081
Handling connection for 8081
Handling connection for 8081
Handling connection for 8081
Handling connection for 8081
Handling connection for 8081
Handling connection for 8081
Handling connection for 8081
Handling connection for 8081
Handling connection for 8081
Handling connection for 8081
Handling connection for 8081
Handling connection for 8081
Handling connection for 8081
Handling connection for 8081
Handling connection for 8081
Handling connection for 8081
Handling connection for 8081
Handling connection for 8081
Handling connection for 8081
E0206 22:03:35.678672   13924 portforward.go:391] "Unhandled Error" err="error copying from remote stream to local connection: readfrom tcp6 [::1]:8081->[::1]:33166: write tcp6 [::1]:8081->[::1]:33166: write: broken pipe"
Handling connection for 8081
Handling connection for 8081
Handling connection for 8081
Handling connection for 8081
Handling connection for 8081
Handling connection for 8081
Handling connection for 8081
Handling connection for 8081
Handling connection for 8081
Handling connection for 8081
Handling connection for 8081
Handling connection for 8081
Handling connection for 8081
Handling connection for 8081
Handling connection for 8081
Handling connection for 8081
Handling connection for 8081
Handling connection for 8081
Handling connection for 8081
Handling connection for 8081
Handling connection for 8081
Handling connection for 8081
Handling connection for 8081
Handling connection for 8081
Handling connection for 8081
Handling connection for 8081
